-------------------------------------------------------------------------------
Test set: com.interceptor.ResponseInterceptorTest
-------------------------------------------------------------------------------
Tests run: 2, Failures: 1, Errors: 0, Skipped: 0, Time elapsed: 2.371 s <<< FAILURE! - in com.interceptor.ResponseInterceptorTest
testHelloEndpointInterception  Time elapsed: 0.421 s  <<< FAILURE!
org.opentest4j.AssertionFailedError: expected: <true> but was: <false>
	at com.interceptor.ResponseInterceptorTest.testHelloEndpointInterception(ResponseInterceptorTest.java:41)

